#
# There is insufficient memory for the Java Runtime Environment to continue.
# Native memory allocation (malloc) failed to allocate 2022080 bytes for Chunk::new
# Possible reasons:
#   The system is out of physical RAM or swap space
#   The process is running with CompressedOops enabled, and the Java Heap may be blocking the growth of the native heap
# Possible solutions:
#   Reduce memory load on the system
#   Increase physical memory or swap space
#   Check if swap backing store is full
#   Decrease Java heap size (-Xmx/-Xms)
#   Decrease number of Java threads
#   Decrease Java thread stack sizes (-Xss)
#   Set larger code cache with -XX:ReservedCodeCacheSize=
#   JVM is running with Unscaled Compressed Oops mode in which the Java heap is
#     placed in the first 4GB address space. The Java Heap base address is the
#     maximum limit for the native heap growth. Please use -XX:HeapBaseMinAddress
#     to set the Java Heap base and to place the Java Heap above 4GB virtual address.
# This output file may be truncated or incomplete.
#
#  Out of Memory Error (arena.cpp:189), pid=2800, tid=16396
#
# JRE version: Java(TM) SE Runtime Environment (17.0.11+7) (build 17.0.11+7-LTS-207)
# Java VM: Java HotSpot(TM) 64-Bit Server VM (17.0.11+7-LTS-207, mixed mode, sharing, tiered, compressed oops, compressed class ptrs, g1 gc, windows-amd64)
# No core dump will be written. Minidumps are not enabled by default on client versions of Windows
#

---------------  S U M M A R Y ------------

Command Line: -ea -Dfile.encoding=UTF-8 -Dstdout.encoding=UTF-8 -Dstderr.encoding=UTF-8 -XX:+ShowCodeDetailsInExceptionMessages org.testng.remote.RemoteTestNG -serport 62424 -protocol json -d C:\Users\HP\git\repository\AdvanceSeleniumFramework\test-output C:\Users\HP\AppData\Local\Temp\testng-eclipse-294157708\testng-customsuite.xml

Host: Intel(R) Core(TM) i3 CPU       M 330  @ 2.13GHz, 4 cores, 5G,  Windows 10 , 64 bit Build 19041 (10.0.19041.4957)
Time: Mon Oct  7 07:22:17 2024 Pacific Daylight Time elapsed time: 8.955931 seconds (0d 0h 0m 8s)

---------------  T H R E A D  ---------------

Current thread (0x00000260c2a30590):  JavaThread "C2 CompilerThread0" daemon [_thread_in_native, id=16396, stack(0x000000fd22600000,0x000000fd22700000)]


Current CompileTask:
C2:   8956 2053       4       java.lang.invoke.MethodType::makeImpl (109 bytes)

Stack: [0x000000fd22600000,0x000000fd22700000]
Native frames: (J=compiled Java code, j=interpreted, Vv=VM code, C=native code)
V  [jvm.dll+0x679cca]
V  [jvm.dll+0x7da13d]
V  [jvm.dll+0x7dba83]
V  [jvm.dll+0x7dc0f3]
V  [jvm.dll+0x2449af]
V  [jvm.dll+0xab83b]
V  [jvm.dll+0xabe1c]
V  [jvm.dll+0x3615ae]
V  [jvm.dll+0x32bd61]
V  [jvm.dll+0x32b1fa]
V  [jvm.dll+0x2161df]
V  [jvm.dll+0x21560f]
V  [jvm.dll+0x1a2040]
V  [jvm.dll+0x225a2b]
V  [jvm.dll+0x223bcb]
V  [jvm.dll+0x7903ec]
V  [jvm.dll+0x78a85a]
V  [jvm.dll+0x678bb5]
C  [ucrtbase.dll+0x21bb2]
C  [KERNEL32.DLL+0x17374]
C  [ntdll.dll+0x4cc91]


---------------  P R O C E S S  ---------------

Threads class SMR info:
_java_thread_list=0x0000026108c750b0, length=23, elements={
0x00000260a6590d30, 0x00000260c2a163f0, 0x00000260c2a17a60, 0x00000260c2a270a0,
0x00000260c2a29320, 0x00000260c2a2c4a0, 0x00000260c2a3c480, 0x00000260c2a30590,
0x00000260c2a60410, 0x00000260c2a3b040, 0x00000260c2a3b550, 0x00000260c2a3cea0,
0x00000260c2a3ba60, 0x00000260c2a3e2e0, 0x00000260c2a3c990, 0x00000260c2a3d3b0,
0x00000260c2a3d8c0, 0x00000260c2a3ddd0, 0x00000260c2a3bf70, 0x00000261092d9630,
0x00000261092dcde0, 0x00000261092d9b40, 0x00000261092daa70
}

Java Threads: ( => current thread )
  0x00000260a6590d30 JavaThread "Forwarding newSession on session null to remote" [_thread_blocked, id=17668, stack(0x000000fd21900000,0x000000fd21a00000)]
  0x00000260c2a163f0 JavaThread "Reference Handler" daemon [_thread_blocked, id=19928, stack(0x000000fd22000000,0x000000fd22100000)]
  0x00000260c2a17a60 JavaThread "Finalizer" daemon [_thread_blocked, id=1248, stack(0x000000fd22100000,0x000000fd22200000)]
  0x00000260c2a270a0 JavaThread "Signal Dispatcher" daemon [_thread_blocked, id=11968, stack(0x000000fd22200000,0x000000fd22300000)]
  0x00000260c2a29320 JavaThread "Attach Listener" daemon [_thread_blocked, id=10996, stack(0x000000fd22300000,0x000000fd22400000)]
  0x00000260c2a2c4a0 JavaThread "Service Thread" daemon [_thread_blocked, id=460, stack(0x000000fd22400000,0x000000fd22500000)]
  0x00000260c2a3c480 JavaThread "Monitor Deflation Thread" daemon [_thread_blocked, id=24456, stack(0x000000fd22500000,0x000000fd22600000)]
=>0x00000260c2a30590 JavaThread "C2 CompilerThread0" daemon [_thread_in_native, id=16396, stack(0x000000fd22600000,0x000000fd22700000)]
  0x00000260c2a60410 JavaThread "C1 CompilerThread0" daemon [_thread_blocked, id=23292, stack(0x000000fd22700000,0x000000fd22800000)]
  0x00000260c2a3b040 JavaThread "Sweeper thread" daemon [_thread_blocked, id=19632, stack(0x000000fd22800000,0x000000fd22900000)]
  0x00000260c2a3b550 JavaThread "Notification Thread" daemon [_thread_blocked, id=13916, stack(0x000000fd22900000,0x000000fd22a00000)]
  0x00000260c2a3cea0 JavaThread "Common-Cleaner" daemon [_thread_blocked, id=7560, stack(0x000000fd22b00000,0x000000fd22c00000)]
  0x00000260c2a3ba60 JavaThread "ReaderThread" [_thread_in_native, id=14368, stack(0x000000fd22e00000,0x000000fd22f00000)]
  0x00000260c2a3e2e0 JavaThread "ForkJoinPool.commonPool-worker-1" daemon [_thread_blocked, id=22676, stack(0x000000fd23300000,0x000000fd23400000)]
  0x00000260c2a3c990 JavaThread "HttpClient-1-SelectorManager" daemon [_thread_in_native, id=17208, stack(0x000000fd23500000,0x000000fd23600000)]
  0x00000260c2a3d3b0 JavaThread "External Process Output Forwarder - C:\Users\HP\.cache\selenium\chromedriver\win64\129.0.6668.89\chromedriver.exe" daemon [_thread_in_native, id=1440, stack(0x000000fd23600000,0x000000fd23700000)]
  0x00000260c2a3d8c0 JavaThread "Driver Service Executor" daemon [_thread_blocked, id=216, stack(0x000000fd23700000,0x000000fd23800000)]
  0x00000260c2a3ddd0 JavaThread "Driver Service Executor" daemon [_thread_in_native, id=1224, stack(0x000000fd23800000,0x000000fd23900000)]
  0x00000260c2a3bf70 JavaThread "UrlChecker-2" daemon [_thread_blocked, id=22456, stack(0x000000fd23900000,0x000000fd23a00000)]
  0x00000261092d9630 JavaThread "Keep-Alive-Timer" daemon [_thread_blocked, id=15440, stack(0x000000fd23400000,0x000000fd23500000)]
  0x00000261092dcde0 JavaThread "JdkHttpClient-0-0" daemon [_thread_blocked, id=14740, stack(0x000000fd23a00000,0x000000fd23b00000)]
  0x00000261092d9b40 JavaThread "JdkHttpClient-0-1" daemon [_thread_blocked, id=16400, stack(0x000000fd23b00000,0x000000fd23c00000)]
  0x00000261092daa70 JavaThread "JdkHttpClient-0-2" daemon [_thread_blocked, id=3368, stack(0x000000fd23c00000,0x000000fd23d00000)]

Other Threads:
  0x00000260c2a0c850 VMThread "VM Thread" [stack: 0x000000fd21f00000,0x000000fd22000000] [id=20260]
  0x00000260c2c94150 WatcherThread [stack: 0x000000fd22a00000,0x000000fd22b00000] [id=19308]
  0x00000260a65dd670 GCTaskThread "GC Thread#0" [stack: 0x000000fd21a00000,0x000000fd21b00000] [id=5300]
  0x000002610857c030 GCTaskThread "GC Thread#1" [stack: 0x000000fd22f00000,0x000000fd23000000] [id=21908]
  0x000002610832a4b0 GCTaskThread "GC Thread#2" [stack: 0x000000fd23000000,0x000000fd23100000] [id=13016]
  0x000002610832a770 GCTaskThread "GC Thread#3" [stack: 0x000000fd23100000,0x000000fd23200000] [id=20988]
  0x00000260a65e9e90 ConcurrentGCThread "G1 Main Marker" [stack: 0x000000fd21b00000,0x000000fd21c00000] [id=24132]
  0x00000260a65ea7b0 ConcurrentGCThread "G1 Conc#0" [stack: 0x000000fd21c00000,0x000000fd21d00000] [id=17768]
  0x00000260a664c570 ConcurrentGCThread "G1 Refine#0" [stack: 0x000000fd21d00000,0x000000fd21e00000] [id=19664]
  0x00000260c2ca05c0 ConcurrentGCThread "G1 Refine#1" [stack: 0x000000fd23200000,0x000000fd23300000] [id=20856]
  0x00000260a664ceb0 ConcurrentGCThread "G1 Service" [stack: 0x000000fd21e00000,0x000000fd21f00000] [id=10120]

Threads with active compile tasks:
C2 CompilerThread0     9021 2053       4       java.lang.invoke.MethodType::makeImpl (109 bytes)

VM state: not at safepoint (normal execution)

VM Mutex/Monitor currently owned by a thread: None

Heap address: 0x00000000a3200000, size: 1486 MB, Compressed Oops mode: 32-bit

CDS archive(s) mapped at: [0x00000260c3000000-0x00000260c3bd0000-0x00000260c3bd0000), size 12386304, SharedBaseAddress: 0x00000260c3000000, ArchiveRelocationMode: 1.
Compressed class space mapped at: 0x00000260c4000000-0x0000026104000000, reserved size: 1073741824
Narrow klass base: 0x00000260c3000000, Narrow klass shift: 0, Narrow klass range: 0x100000000

GC Precious Log:
 CPUs: 4 total, 4 available
 Memory: 5942M
 Large Page Support: Disabled
 NUMA Support: Disabled
 Compressed Oops: Enabled (32-bit)
 Heap Region Size: 1M
 Heap Min Capacity: 8M
 Heap Initial Capacity: 94M
 Heap Max Capacity: 1486M
 Pre-touch: Disabled
 Parallel Workers: 4
 Concurrent Workers: 1
 Concurrent Refinement Workers: 4
 Periodic GC: Disabled

Heap:
 garbage-first heap   total 96256K, used 13447K [0x00000000a3200000, 0x0000000100000000)
  region size 1024K, 8 young (8192K), 4 survivors (4096K)
 Metaspace       used 17268K, committed 17536K, reserved 1114112K
  class space    used 2079K, committed 2240K, reserved 1048576K

Heap Regions: E=young(eden), S=young(survivor), O=old, HS=humongous(starts), HC=humongous(continues), CS=collection set, F=free, OA=open archive, CA=closed archive, TAMS=top-at-mark-start (previous, next)
|   0|0x00000000a3200000, 0x00000000a3300000, 0x00000000a3300000|100%| O|  |TAMS 0x00000000a3200000, 0x00000000a3200000| Untracked 
|   1|0x00000000a3300000, 0x00000000a3400000, 0x00000000a3400000|100%| O|  |TAMS 0x00000000a3300000, 0x00000000a3300000| Untracked 
|   2|0x00000000a3400000, 0x00000000a3500000, 0x00000000a3500000|100%| O|  |TAMS 0x00000000a3400000, 0x00000000a3400000| Untracked 
|   3|0x00000000a3500000, 0x00000000a3600000, 0x00000000a3600000|100%| O|  |TAMS 0x00000000a3500000, 0x00000000a3500000| Untracked 
|   4|0x00000000a3600000, 0x00000000a3700000, 0x00000000a3700000|100%| O|  |TAMS 0x00000000a3600000, 0x00000000a3600000| Untracked 
|   5|0x00000000a3700000, 0x00000000a3800000, 0x00000000a3800000|100%| O|  |TAMS 0x00000000a3700000, 0x00000000a3700000| Untracked 
|   6|0x00000000a3800000, 0x00000000a3827000, 0x00000000a3900000| 15%| O|  |TAMS 0x00000000a3800000, 0x00000000a3800000| Untracked 
|   7|0x00000000a3900000, 0x00000000a3900000, 0x00000000a3a00000|  0%| F|  |TAMS 0x00000000a3900000, 0x00000000a3900000| Untracked 
|   8|0x00000000a3a00000, 0x00000000a3a00000, 0x00000000a3b00000|  0%| F|  |TAMS 0x00000000a3a00000, 0x00000000a3a00000| Untracked 
|   9|0x00000000a3b00000, 0x00000000a3b00000, 0x00000000a3c00000|  0%| F|  |TAMS 0x00000000a3b00000, 0x00000000a3b00000| Untracked 
|  10|0x00000000a3c00000, 0x00000000a3c00000, 0x00000000a3d00000|  0%| F|  |TAMS 0x00000000a3c00000, 0x00000000a3c00000| Untracked 
|  11|0x00000000a3d00000, 0x00000000a3d00000, 0x00000000a3e00000|  0%| F|  |TAMS 0x00000000a3d00000, 0x00000000a3d00000| Untracked 
|  12|0x00000000a3e00000, 0x00000000a3e00000, 0x00000000a3f00000|  0%| F|  |TAMS 0x00000000a3e00000, 0x00000000a3e00000| Untracked 
|  13|0x00000000a3f00000, 0x00000000a3f00000, 0x00000000a4000000|  0%| F|  |TAMS 0x00000000a3f00000, 0x00000000a3f00000| Untracked 
|  14|0x00000000a4000000, 0x00000000a4000000, 0x00000000a4100000|  0%| F|  |TAMS 0x00000000a4000000, 0x00000000a4000000| Untracked 
|  15|0x00000000a4100000, 0x00000000a4100000, 0x00000000a4200000|  0%| F|  |TAMS 0x00000000a4100000, 0x00000000a4100000| Untracked 
|  16|0x00000000a4200000, 0x00000000a4200000, 0x00000000a4300000|  0%| F|  |TAMS 0x00000000a4200000, 0x00000000a4200000| Untracked 
|  17|0x00000000a4300000, 0x00000000a4300000, 0x00000000a4400000|  0%| F|  |TAMS 0x00000000a4300000, 0x00000000a4300000| Untracked 
|  18|0x00000000a4400000, 0x00000000a4400000, 0x00000000a4500000|  0%| F|  |TAMS 0x00000000a4400000, 0x00000000a4400000| Untracked 
|  19|0x00000000a4500000, 0x00000000a4500000, 0x00000000a4600000|  0%| F|  |TAMS 0x00000000a4500000, 0x00000000a4500000| Untracked 
|  20|0x00000000a4600000, 0x00000000a4600000, 0x00000000a4700000|  0%| F|  |TAMS 0x00000000a4600000, 0x00000000a4600000| Untracked 
|  21|0x00000000a4700000, 0x00000000a4700000, 0x00000000a4800000|  0%| F|  |TAMS 0x00000000a4700000, 0x00000000a4700000| Untracked 
|  22|0x00000000a4800000, 0x00000000a4800000, 0x00000000a4900000|  0%| F|  |TAMS 0x00000000a4800000, 0x00000000a4800000| Untracked 
|  23|0x00000000a4900000, 0x00000000a4900000, 0x00000000a4a00000|  0%| F|  |TAMS 0x00000000a4900000, 0x00000000a4900000| Untracked 
|  24|0x00000000a4a00000, 0x00000000a4a00000, 0x00000000a4b00000|  0%| F|  |TAMS 0x00000000a4a00000, 0x00000000a4a00000| Untracked 
|  25|0x00000000a4b00000, 0x00000000a4b00000, 0x00000000a4c00000|  0%| F|  |TAMS 0x00000000a4b00000, 0x00000000a4b00000| Untracked 
|  26|0x00000000a4c00000, 0x00000000a4c00000, 0x00000000a4d00000|  0%| F|  |TAMS 0x00000000a4c00000, 0x00000000a4c00000| Untracked 
|  27|0x00000000a4d00000, 0x00000000a4d00000, 0x00000000a4e00000|  0%| F|  |TAMS 0x00000000a4d00000, 0x00000000a4d00000| Untracked 
|  28|0x00000000a4e00000, 0x00000000a4e00000, 0x00000000a4f00000|  0%| F|  |TAMS 0x00000000a4e00000, 0x00000000a4e00000| Untracked 
|  29|0x00000000a4f00000, 0x00000000a4f00000, 0x00000000a5000000|  0%| F|  |TAMS 0x00000000a4f00000, 0x00000000a4f00000| Untracked 
|  30|0x00000000a5000000, 0x00000000a5000000, 0x00000000a5100000|  0%| F|  |TAMS 0x00000000a5000000, 0x00000000a5000000| Untracked 
|  31|0x00000000a5100000, 0x00000000a5100000, 0x00000000a5200000|  0%| F|  |TAMS 0x00000000a5100000, 0x00000000a5100000| Untracked 
|  32|0x00000000a5200000, 0x00000000a5200000, 0x00000000a5300000|  0%| F|  |TAMS 0x00000000a5200000, 0x00000000a5200000| Untracked 
|  33|0x00000000a5300000, 0x00000000a5300000, 0x00000000a5400000|  0%| F|  |TAMS 0x00000000a5300000, 0x00000000a5300000| Untracked 
|  34|0x00000000a5400000, 0x00000000a5400000, 0x00000000a5500000|  0%| F|  |TAMS 0x00000000a5400000, 0x00000000a5400000| Untracked 
|  35|0x00000000a5500000, 0x00000000a5500000, 0x00000000a5600000|  0%| F|  |TAMS 0x00000000a5500000, 0x00000000a5500000| Untracked 
|  36|0x00000000a5600000, 0x00000000a5600000, 0x00000000a5700000|  0%| F|  |TAMS 0x00000000a5600000, 0x00000000a5600000| Untracked 
|  37|0x00000000a5700000, 0x00000000a5700000, 0x00000000a5800000|  0%| F|  |TAMS 0x00000000a5700000, 0x00000000a5700000| Untracked 
|  38|0x00000000a5800000, 0x00000000a5800000, 0x00000000a5900000|  0%| F|  |TAMS 0x00000000a5800000, 0x00000000a5800000| Untracked 
|  39|0x00000000a5900000, 0x00000000a5900000, 0x00000000a5a00000|  0%| F|  |TAMS 0x00000000a5900000, 0x00000000a5900000| Untracked 
|  40|0x00000000a5a00000, 0x00000000a5a00000, 0x00000000a5b00000|  0%| F|  |TAMS 0x00000000a5a00000, 0x00000000a5a00000| Untracked 
|  41|0x00000000a5b00000, 0x00000000a5b00000, 0x00000000a5c00000|  0%| F|  |TAMS 0x00000000a5b00000, 0x00000000a5b00000| Untracked 
|  42|0x00000000a5c00000, 0x00000000a5c00000, 0x00000000a5d00000|  0%| F|  |TAMS 0x00000000a5c00000, 0x00000000a5c00000| Untracked 
|  43|0x00000000a5d00000, 0x00000000a5d00000, 0x00000000a5e00000|  0%| F|  |TAMS 0x00000000a5d00000, 0x00000000a5d00000| Untracked 
|  44|0x00000000a5e00000, 0x00000000a5e00000, 0x00000000a5f00000|  0%| F|  |TAMS 0x00000000a5e00000, 0x00000000a5e00000| Untracked 
|  45|0x00000000a5f00000, 0x00000000a5f00000, 0x00000000a6000000|  0%| F|  |TAMS 0x00000000a5f00000, 0x00000000a5f00000| Untracked 
|  46|0x00000000a6000000, 0x00000000a6000000, 0x00000000a6100000|  0%| F|  |TAMS 0x00000000a6000000, 0x00000000a6000000| Untracked 
|  47|0x00000000a6100000, 0x00000000a6100000, 0x00000000a6200000|  0%| F|  |TAMS 0x00000000a6100000, 0x00000000a6100000| Untracked 
|  48|0x00000000a6200000, 0x00000000a6200000, 0x00000000a6300000|  0%| F|  |TAMS 0x00000000a6200000, 0x00000000a6200000| Untracked 
|  49|0x00000000a6300000, 0x00000000a6300000, 0x00000000a6400000|  0%| F|  |TAMS 0x00000000a6300000, 0x00000000a6300000| Untracked 
|  50|0x00000000a6400000, 0x00000000a6400000, 0x00000000a6500000|  0%| F|  |TAMS 0x00000000a6400000, 0x00000000a6400000| Untracked 
|  51|0x00000000a6500000, 0x00000000a6500000, 0x00000000a6600000|  0%| F|  |TAMS 0x00000000a6500000, 0x00000000a6500000| Untracked 
|  52|0x00000000a6600000, 0x00000000a6600000, 0x00000000a6700000|  0%| F|  |TAMS 0x00000000a6600000, 0x00000000a6600000| Untracked 
|  53|0x00000000a6700000, 0x00000000a6700000, 0x00000000a6800000|  0%| F|  |TAMS 0x00000000a6700000, 0x00000000a6700000| Untracked 
|  54|0x00000000a6800000, 0x00000000a6800000, 0x00000000a6900000|  0%| F|  |TAMS 0x00000000a6800000, 0x00000000a6800000| Untracked 
|  55|0x00000000a6900000, 0x00000000a6900000, 0x00000000a6a00000|  0%| F|  |TAMS 0x00000000a6900000, 0x00000000a6900000| Untracked 
|  56|0x00000000a6a00000, 0x00000000a6a00000, 0x00000000a6b00000|  0%| F|  |TAMS 0x00000000a6a00000, 0x00000000a6a00000| Untracked 
|  57|0x00000000a6b00000, 0x00000000a6b00000, 0x00000000a6c00000|  0%| F|  |TAMS 0x00000000a6b00000, 0x00000000a6b00000| Untracked 
|  58|0x00000000a6c00000, 0x00000000a6c00000, 0x00000000a6d00000|  0%| F|  |TAMS 0x00000000a6c00000, 0x00000000a6c00000| Untracked 
|  59|0x00000000a6d00000, 0x00000000a6d00000, 0x00000000a6e00000|  0%| F|  |TAMS 0x00000000a6d00000, 0x00000000a6d00000| Untracked 
|  60|0x00000000a6e00000, 0x00000000a6e00000, 0x00000000a6f00000|  0%| F|  |TAMS 0x00000000a6e00000, 0x00000000a6e00000| Untracked 
|  61|0x00000000a6f00000, 0x00000000a6f00000, 0x00000000a7000000|  0%| F|  |TAMS 0x00000000a6f00000, 0x00000000a6f00000| Untracked 
|  62|0x00000000a7000000, 0x00000000a7000000, 0x00000000a7100000|  0%| F|  |TAMS 0x00000000a7000000, 0x00000000a7000000| Untracked 
|  63|0x00000000a7100000, 0x00000000a7100000, 0x00000000a7200000|  0%| F|  |TAMS 0x00000000a7100000, 0x00000000a7100000| Untracked 
|  64|0x00000000a7200000, 0x00000000a72facf0, 0x00000000a7300000| 97%| S|CS|TAMS 0x00000000a7200000, 0x00000000a7200000| Complete 
|  65|0x00000000a7300000, 0x00000000a7400000, 0x00000000a7400000|100%| S|CS|TAMS 0x00000000a7300000, 0x00000000a7300000| Complete 
|  66|0x00000000a7400000, 0x00000000a7500000, 0x00000000a7500000|100%| S|CS|TAMS 0x00000000a7400000, 0x00000000a7400000| Complete 
|  67|0x00000000a7500000, 0x00000000a7600000, 0x00000000a7600000|100%| S|CS|TAMS 0x00000000a7500000, 0x00000000a7500000| Complete 
|  68|0x00000000a7600000, 0x00000000a7600000, 0x00000000a7700000|  0%| F|  |TAMS 0x00000000a7600000, 0x00000000a7600000| Untracked 
|  69|0x00000000a7700000, 0x00000000a7700000, 0x00000000a7800000|  0%| F|  |TAMS 0x00000000a7700000, 0x00000000a7700000| Untracked 
|  70|0x00000000a7800000, 0x00000000a7800000, 0x00000000a7900000|  0%| F|  |TAMS 0x00000000a7800000, 0x00000000a7800000| Untracked 
|  71|0x00000000a7900000, 0x00000000a7900000, 0x00000000a7a00000|  0%| F|  |TAMS 0x00000000a7900000, 0x00000000a7900000| Untracked 
|  72|0x00000000a7a00000, 0x00000000a7a00000, 0x00000000a7b00000|  0%| F|  |TAMS 0x00000000a7a00000, 0x00000000a7a00000| Untracked 
|  73|0x00000000a7b00000, 0x00000000a7b00000, 0x00000000a7c00000|  0%| F|  |TAMS 0x00000000a7b00000, 0x00000000a7b00000| Untracked 
|  74|0x00000000a7c00000, 0x00000000a7c00000, 0x00000000a7d00000|  0%| F|  |TAMS 0x00000000a7c00000, 0x00000000a7c00000| Untracked 
|  75|0x00000000a7d00000, 0x00000000a7d00000, 0x00000000a7e00000|  0%| F|  |TAMS 0x00000000a7d00000, 0x00000000a7d00000| Untracked 
|  76|0x00000000a7e00000, 0x00000000a7e00000, 0x00000000a7f00000|  0%| F|  |TAMS 0x00000000a7e00000, 0x00000000a7e00000| Untracked 
|  77|0x00000000a7f00000, 0x00000000a7f00000, 0x00000000a8000000|  0%| F|  |TAMS 0x00000000a7f00000, 0x00000000a7f00000| Untracked 
|  78|0x00000000a8000000, 0x00000000a8000000, 0x00000000a8100000|  0%| F|  |TAMS 0x00000000a8000000, 0x00000000a8000000| Untracked 
|  79|0x00000000a8100000, 0x00000000a8100000, 0x00000000a8200000|  0%| F|  |TAMS 0x00000000a8100000, 0x00000000a8100000| Untracked 
|  80|0x00000000a8200000, 0x00000000a8200000, 0x00000000a8300000|  0%| F|  |TAMS 0x00000000a8200000, 0x00000000a8200000| Untracked 
|  81|0x00000000a8300000, 0x00000000a8300000, 0x00000000a8400000|  0%| F|  |TAMS 0x00000000a8300000, 0x00000000a8300000| Untracked 
|  82|0x00000000a8400000, 0x00000000a8400000, 0x00000000a8500000|  0%| F|  |TAMS 0x00000000a8400000, 0x00000000a8400000| Untracked 
|  83|0x00000000a8500000, 0x00000000a8500000, 0x00000000a8600000|  0%| F|  |TAMS 0x00000000a8500000, 0x00000000a8500000| Untracked 
|  84|0x00000000a8600000, 0x00000000a8600000, 0x00000000a8700000|  0%| F|  |TAMS 0x00000000a8600000, 0x00000000a8600000| Untracked 
|  85|0x00000000a8700000, 0x00000000a8700000, 0x00000000a8800000|  0%| F|  |TAMS 0x00000000a8700000, 0x00000000a8700000| Untracked 
|  86|0x00000000a8800000, 0x00000000a8800000, 0x00000000a8900000|  0%| F|  |TAMS 0x00000000a8800000, 0x00000000a8800000| Untracked 
|  87|0x00000000a8900000, 0x00000000a8900000, 0x00000000a8a00000|  0%| F|  |TAMS 0x00000000a8900000, 0x00000000a8900000| Untracked 
|  88|0x00000000a8a00000, 0x00000000a8a00000, 0x00000000a8b00000|  0%| F|  |TAMS 0x00000000a8a00000, 0x00000000a8a00000| Untracked 
|  89|0x00000000a8b00000, 0x00000000a8b00000, 0x00000000a8c00000|  0%| F|  |TAMS 0x00000000a8b00000, 0x00000000a8b00000| Untracked 
|  90|0x00000000a8c00000, 0x00000000a8d00000, 0x00000000a8d00000|100%| E|  |TAMS 0x00000000a8c00000, 0x00000000a8c00000| Complete 
|  91|0x00000000a8d00000, 0x00000000a8e00000, 0x00000000a8e00000|100%| E|CS|TAMS 0x00000000a8d00000, 0x00000000a8d00000| Complete 
|  92|0x00000000a8e00000, 0x00000000a8f00000, 0x00000000a8f00000|100%| E|CS|TAMS 0x00000000a8e00000, 0x00000000a8e00000| Complete 
|  93|0x00000000a8f00000, 0x00000000a9000000, 0x00000000a9000000|100%| E|CS|TAMS 0x00000000a8f00000, 0x00000000a8f00000| Complete 

Card table byte_map: [0x00000260bd140000,0x00000260bd430000] _byte_map_base: 0x00000260bcc27000

Marking Bits (Prev, Next): (CMBitMap*) 0x00000260a65ddba0, (CMBitMap*) 0x00000260a65ddbe0
 Prev Bits: [0x00000260bd720000, 0x00000260bee58000)
 Next Bits: [0x00000260bee60000, 0x00000260c0598000)

Polling page: 0x00000260a4570000

Metaspace:

Usage:
  Non-class:     14.83 MB used.
      Class:      2.03 MB used.
       Both:     16.86 MB used.

Virtual space:
  Non-class space:       64.00 MB reserved,      14.94 MB ( 23%) committed,  1 nodes.
      Class space:        1.00 GB reserved,       2.19 MB ( <1%) committed,  1 nodes.
             Both:        1.06 GB reserved,      17.12 MB (  2%) committed. 

Chunk freelists:
   Non-Class:  128.00 KB
       Class:  13.85 MB
        Both:  13.97 MB

MaxMetaspaceSize: unlimited
CompressedClassSpaceSize: 1.00 GB
Initial GC threshold: 21.00 MB
Current GC threshold: 21.00 MB
CDS: on
MetaspaceReclaimPolicy: balanced
 - commit_granule_bytes: 65536.
 - commit_granule_words: 8192.
 - virtual_space_node_default_size: 8388608.
 - enlarge_chunks_in_place: 1.
 - new_chunks_are_fully_committed: 0.
 - uncommit_free_chunks: 1.
 - use_allocation_guard: 0.
 - handle_deallocations: 1.


Internal statistics:

num_allocs_failed_limit: 0.
num_arena_births: 268.
num_arena_deaths: 0.
num_vsnodes_births: 2.
num_vsnodes_deaths: 0.
num_space_committed: 274.
num_space_uncommitted: 0.
num_chunks_returned_to_freelist: 0.
num_chunks_taken_from_freelist: 690.
num_chunk_merges: 0.
num_chunk_splits: 434.
num_chunks_enlarged: 305.
num_inconsistent_stats: 0.

CodeHeap 'non-profiled nmethods': size=120000Kb used=841Kb max_used=841Kb free=119158Kb
 bounds [0x00000260b5920000, 0x00000260b5b90000, 0x00000260bce50000]
CodeHeap 'profiled nmethods': size=120000Kb used=4133Kb max_used=4133Kb free=115866Kb
 bounds [0x00000260ade50000, 0x00000260ae260000, 0x00000260b5380000]
CodeHeap 'non-nmethods': size=5760Kb used=1244Kb max_used=1281Kb free=4515Kb
 bounds [0x00000260b5380000, 0x00000260b55f0000, 0x00000260b5920000]
 total_blobs=2622 nmethods=2068 adapters=467
 compilation: enabled
              stopped_count=0, restarted_count=0
 full_count=0

Compilation events (20 events):
Event: 8.638 Thread 0x00000260c2a60410 2065       3       java.lang.invoke.MethodHandles$Lookup::defineHiddenClass (69 bytes)
Event: 8.640 Thread 0x00000260c2a60410 nmethod 2065 0x00000260ae252b90 code [0x00000260ae252e80, 0x00000260ae253c58]
Event: 8.640 Thread 0x00000260c2a60410 2066       3       java.lang.invoke.MethodHandles$Lookup::ensureDefineClassPermission (38 bytes)
Event: 8.642 Thread 0x00000260c2a60410 nmethod 2066 0x00000260ae254190 code [0x00000260ae2543a0, 0x00000260ae254b18]
Event: 8.642 Thread 0x00000260c2a60410 2067       3       java.lang.invoke.DirectMethodHandle::make (21 bytes)
Event: 8.643 Thread 0x00000260c2a60410 nmethod 2067 0x00000260ae254d90 code [0x00000260ae254f60, 0x00000260ae2552b8]
Event: 8.680 Thread 0x00000260c2a60410 2070       1       java.util.concurrent.locks.AbstractQueuedSynchronizer::setState (6 bytes)
Event: 8.680 Thread 0x00000260c2a60410 nmethod 2070 0x00000260b59f1b90 code [0x00000260b59f1d20, 0x00000260b59f1df8]
Event: 8.682 Thread 0x00000260c2a60410 2073       3       java.lang.invoke.MethodHandles$Lookup::getDirectConstructorCommon (69 bytes)
Event: 8.684 Thread 0x00000260c2a60410 nmethod 2073 0x00000260ae255410 code [0x00000260ae255680, 0x00000260ae2561b8]
Event: 8.684 Thread 0x00000260c2a60410 2074       3       java.lang.invoke.MemberName::asConstructor (58 bytes)
Event: 8.685 Thread 0x00000260c2a60410 nmethod 2074 0x00000260ae256590 code [0x00000260ae2567a0, 0x00000260ae256dc8]
Event: 8.693 Thread 0x00000260c2a60410 2075       3       java.lang.invoke.MemberName::equals (69 bytes)
Event: 8.695 Thread 0x00000260c2a60410 nmethod 2075 0x00000260ae257010 code [0x00000260ae2572a0, 0x00000260ae257fd8]
Event: 8.695 Thread 0x00000260c2a60410 2076       3       java.util.Optional::of (12 bytes)
Event: 8.696 Thread 0x00000260c2a60410 nmethod 2076 0x00000260ae258310 code [0x00000260ae2584e0, 0x00000260ae2588a8]
Event: 8.697 Thread 0x00000260c2a60410 2077       1       java.util.concurrent.locks.AbstractQueuedSynchronizer::getState (5 bytes)
Event: 8.698 Thread 0x00000260c2a60410 nmethod 2077 0x00000260b59f2190 code [0x00000260b59f2320, 0x00000260b59f23f8]
Event: 8.698 Thread 0x00000260c2a60410 2078       3       java.lang.Class::protectionDomain (48 bytes)
Event: 8.699 Thread 0x00000260c2a60410 nmethod 2078 0x00000260ae258a10 code [0x00000260ae258c40, 0x00000260ae259298]

GC Heap History (6 events):
Event: 1.871 GC heap before
{Heap before GC invocations=0 (full 0):
 garbage-first heap   total 96256K, used 12288K [0x00000000a3200000, 0x0000000100000000)
  region size 1024K, 13 young (13312K), 0 survivors (0K)
 Metaspace       used 4559K, committed 4736K, reserved 1114112K
  class space    used 486K, committed 576K, reserved 1048576K
}
Event: 1.881 GC heap after
{Heap after GC invocations=1 (full 0):
 garbage-first heap   total 96256K, used 6261K [0x00000000a3200000, 0x0000000100000000)
  region size 1024K, 2 young (2048K), 2 survivors (2048K)
 Metaspace       used 4559K, committed 4736K, reserved 1114112K
  class space    used 486K, committed 576K, reserved 1048576K
}
Event: 2.602 GC heap before
{Heap before GC invocations=1 (full 0):
 garbage-first heap   total 96256K, used 15477K [0x00000000a3200000, 0x0000000100000000)
  region size 1024K, 11 young (11264K), 2 survivors (2048K)
 Metaspace       used 7152K, committed 7296K, reserved 1114112K
  class space    used 819K, committed 896K, reserved 1048576K
}
Event: 2.611 GC heap after
{Heap after GC invocations=2 (full 0):
 garbage-first heap   total 96256K, used 7011K [0x00000000a3200000, 0x0000000100000000)
  region size 1024K, 1 young (1024K), 1 survivors (1024K)
 Metaspace       used 7152K, committed 7296K, reserved 1114112K
  class space    used 819K, committed 896K, reserved 1048576K
}
Event: 8.377 GC heap before
{Heap before GC invocations=2 (full 0):
 garbage-first heap   total 96256K, used 31587K [0x00000000a3200000, 0x0000000100000000)
  region size 1024K, 26 young (26624K), 1 survivors (1024K)
 Metaspace       used 15831K, committed 16064K, reserved 1114112K
  class space    used 1869K, committed 1984K, reserved 1048576K
}
Event: 8.389 GC heap after
{Heap after GC invocations=3 (full 0):
 garbage-first heap   total 96256K, used 10375K [0x00000000a3200000, 0x0000000100000000)
  region size 1024K, 4 young (4096K), 4 survivors (4096K)
 Metaspace       used 15831K, committed 16064K, reserved 1114112K
  class space    used 1869K, committed 1984K, reserved 1048576K
}

Deoptimization events (20 events):
Event: 8.166 Thread 0x00000260a6590d30 Uncommon trap: trap_request=0xffffffde fr.pc=0x00000260b5998994 relative=0x00000000000009f4
Event: 8.166 Thread 0x00000260a6590d30 Uncommon trap: reason=class_check action=maybe_recompile pc=0x00000260b5998994 method=java.util.regex.Pattern$BmpCharPropertyGreedy.match(Ljava/util/regex/Matcher;ILjava/lang/CharSequence;)Z @ 26 c2
Event: 8.166 Thread 0x00000260a6590d30 DEOPT PACKING pc=0x00000260b5998994 sp=0x000000fd219fcc80
Event: 8.166 Thread 0x00000260a6590d30 DEOPT UNPACKING pc=0x00000260b53d239d sp=0x000000fd219fccc8 mode 2
Event: 8.408 Thread 0x00000260a6590d30 Uncommon trap: trap_request=0xffffffc6 fr.pc=0x00000260b59cdfa4 relative=0x0000000000000884
Event: 8.408 Thread 0x00000260a6590d30 Uncommon trap: reason=bimorphic_or_optimized_type_check action=maybe_recompile pc=0x00000260b59cdfa4 method=java.util.regex.Pattern$Start.match(Ljava/util/regex/Matcher;ILjava/lang/CharSequence;)Z @ 44 c2
Event: 8.408 Thread 0x00000260a6590d30 DEOPT PACKING pc=0x00000260b59cdfa4 sp=0x000000fd219fcf70
Event: 8.409 Thread 0x00000260a6590d30 DEOPT UNPACKING pc=0x00000260b53d239d sp=0x000000fd219fcef0 mode 2
Event: 8.409 Thread 0x00000260a6590d30 Uncommon trap: trap_request=0xffffffc6 fr.pc=0x00000260b59cdfa4 relative=0x0000000000000884
Event: 8.409 Thread 0x00000260a6590d30 Uncommon trap: reason=bimorphic_or_optimized_type_check action=maybe_recompile pc=0x00000260b59cdfa4 method=java.util.regex.Pattern$Start.match(Ljava/util/regex/Matcher;ILjava/lang/CharSequence;)Z @ 44 c2
Event: 8.409 Thread 0x00000260a6590d30 DEOPT PACKING pc=0x00000260b59cdfa4 sp=0x000000fd219fcf70
Event: 8.409 Thread 0x00000260a6590d30 DEOPT UNPACKING pc=0x00000260b53d239d sp=0x000000fd219fcef0 mode 2
Event: 8.409 Thread 0x00000260a6590d30 Uncommon trap: trap_request=0xffffffc6 fr.pc=0x00000260b59cdfa4 relative=0x0000000000000884
Event: 8.409 Thread 0x00000260a6590d30 Uncommon trap: reason=bimorphic_or_optimized_type_check action=maybe_recompile pc=0x00000260b59cdfa4 method=java.util.regex.Pattern$Start.match(Ljava/util/regex/Matcher;ILjava/lang/CharSequence;)Z @ 44 c2
Event: 8.409 Thread 0x00000260a6590d30 DEOPT PACKING pc=0x00000260b59cdfa4 sp=0x000000fd219fcf70
Event: 8.409 Thread 0x00000260a6590d30 DEOPT UNPACKING pc=0x00000260b53d239d sp=0x000000fd219fcef0 mode 2
Event: 8.409 Thread 0x00000260a6590d30 Uncommon trap: trap_request=0xffffffc6 fr.pc=0x00000260b59cdfa4 relative=0x0000000000000884
Event: 8.409 Thread 0x00000260a6590d30 Uncommon trap: reason=bimorphic_or_optimized_type_check action=maybe_recompile pc=0x00000260b59cdfa4 method=java.util.regex.Pattern$Start.match(Ljava/util/regex/Matcher;ILjava/lang/CharSequence;)Z @ 44 c2
Event: 8.409 Thread 0x00000260a6590d30 DEOPT PACKING pc=0x00000260b59cdfa4 sp=0x000000fd219fcf70
Event: 8.409 Thread 0x00000260a6590d30 DEOPT UNPACKING pc=0x00000260b53d239d sp=0x000000fd219fcef0 mode 2

Classes unloaded (0 events):
No events

Classes redefined (0 events):
No events

Internal exceptions (20 events):
Event: 7.494 Thread 0x00000260a6590d30 Exception <a 'java/lang/NoSuchMethodError'{0x00000000a7d41480}: 'int java.lang.invoke.DirectMethodHandle$Holder.invokeSpecialIFC(java.lang.Object, java.lang.Object, java.lang.Object)'> (0x00000000a7d41480) 
thrown [s\open\src\hotspot\share\interpreter\linkResolver.cpp, line 759]
Event: 7.596 Thread 0x00000260a6590d30 Exception <a 'sun/nio/fs/WindowsException'{0x00000000a7c36950}> (0x00000000a7c36950) 
thrown [s\open\src\hotspot\share\prims\jni.cpp, line 516]
Event: 7.624 Thread 0x00000260a6590d30 Exception <a 'java/lang/NoSuchMethodError'{0x00000000a7c59b18}: 'int java.lang.invoke.DirectMethodHandle$Holder.invokeStaticInit(java.lang.Object, java.lang.Object, java.lang.Object, java.lang.Object)'> (0x00000000a7c59b18) 
thrown [s\open\src\hotspot\share\interpreter\linkResolver.cpp, line 759]
Event: 8.156 Thread 0x00000260a6590d30 Exception <a 'java/lang/NoSuchMethodError'{0x00000000a761e988}: 'java.lang.Object java.lang.invoke.DirectMethodHandle$Holder.invokeInterface(java.lang.Object, java.lang.Object, java.lang.Object)'> (0x00000000a761e988) 
thrown [s\open\src\hotspot\share\interpreter\linkResolver.cpp, line 759]
Event: 8.157 Thread 0x00000260a6590d30 Exception <a 'java/lang/IncompatibleClassChangeError'{0x00000000a7622050}: Found class java.lang.Object, but interface was expected> (0x00000000a7622050) 
thrown [s\open\src\hotspot\share\interpreter\linkResolver.cpp, line 826]
Event: 8.161 Thread 0x00000260a6590d30 Exception <a 'java/lang/NoSuchMethodError'{0x00000000a762a4f8}: 'int java.lang.invoke.DirectMethodHandle$Holder.invokeSpecialIFC(java.lang.Object, java.lang.Object, java.lang.Object, java.lang.Object)'> (0x00000000a762a4f8) 
thrown [s\open\src\hotspot\share\interpreter\linkResolver.cpp, line 759]
Event: 8.178 Thread 0x00000260a6590d30 Exception <a 'java/lang/NoSuchMethodError'{0x00000000a764ffb8}: 'java.lang.Object java.lang.invoke.DirectMethodHandle$Holder.invokeVirtual(java.lang.Object, java.lang.Object, java.lang.Object, java.lang.Object)'> (0x00000000a764ffb8) 
thrown [s\open\src\hotspot\share\interpreter\linkResolver.cpp, line 759]
Event: 8.254 Thread 0x00000260c2a3bf70 Exception <a 'java/net/ConnectException'{0x00000000a76d9e20}: Connection refused: no further information> (0x00000000a76d9e20) 
thrown [s\open\src\hotspot\share\prims\jni.cpp, line 535]
Event: 8.255 Thread 0x00000260c2a3bf70 Exception <a 'java/net/SocketException'{0x00000000a76da158}: Socket is not connected: shutdown> (0x00000000a76da158) 
thrown [s\open\src\hotspot\share\prims\jni.cpp, line 535]
Event: 8.279 Thread 0x00000260c2a3bf70 Exception <a 'java/net/ConnectException'{0x00000000a76db150}: Connection refused: no further information> (0x00000000a76db150) 
thrown [s\open\src\hotspot\share\prims\jni.cpp, line 535]
Event: 8.280 Thread 0x00000260c2a3bf70 Exception <a 'java/net/SocketException'{0x00000000a76db488}: Socket is not connected: shutdown> (0x00000000a76db488) 
thrown [s\open\src\hotspot\share\prims\jni.cpp, line 535]
Event: 8.310 Thread 0x00000260c2a3bf70 Exception <a 'java/net/ConnectException'{0x00000000a76dc3b0}: Connection refused: no further information> (0x00000000a76dc3b0) 
thrown [s\open\src\hotspot\share\prims\jni.cpp, line 535]
Event: 8.310 Thread 0x00000260c2a3bf70 Exception <a 'java/net/SocketException'{0x00000000a76dc6e8}: Socket is not connected: shutdown> (0x00000000a76dc6e8) 
thrown [s\open\src\hotspot\share\prims\jni.cpp, line 535]
Event: 8.466 Thread 0x00000260a6590d30 Exception <a 'java/lang/NoSuchMethodError'{0x00000000a8ffa528}: 'java.lang.Object java.lang.invoke.DirectMethodHandle$Holder.newInvokeSpecial(java.lang.Object, java.lang.Object, int, int)'> (0x00000000a8ffa528) 
thrown [s\open\src\hotspot\share\interpreter\linkResolver.cpp, line 759]
Event: 8.470 Thread 0x00000260a6590d30 Exception <a 'java/lang/NoSuchMethodError'{0x00000000a8e05910}: 'void java.lang.invoke.DirectMethodHandle$Holder.invokeStatic(java.lang.Object, java.lang.Object, int)'> (0x00000000a8e05910) 
thrown [s\open\src\hotspot\share\interpreter\linkResolver.cpp, line 759]
Event: 8.500 Thread 0x00000260a6590d30 Exception <a 'java/lang/NoSuchMethodError'{0x00000000a8e75638}: 'java.lang.Object java.lang.invoke.DirectMethodHandle$Holder.newInvokeSpecial(java.lang.Object, java.lang.Object, java.lang.Object, java.lang.Object, java.lang.Object)'> (0x00000000a8e75638) 
thrown [s\open\src\hotspot\share\interpreter\linkResolver.cpp, line 759]
Event: 8.595 Thread 0x00000261092dcde0 Exception <a 'java/lang/NoSuchMethodError'{0x00000000a8d5c630}: 'java.lang.Object java.lang.invoke.DirectMethodHandle$Holder.invokeSpecial(java.lang.Object, java.lang.Object, java.lang.Object, java.lang.Object, int)'> (0x00000000a8d5c630) 
thrown [s\open\src\hotspot\share\interpreter\linkResolver.cpp, line 759]
Event: 8.596 Thread 0x00000261092dcde0 Exception <a 'java/lang/NoSuchMethodError'{0x00000000a8d601f8}: 'java.lang.Object java.lang.invoke.Invokers$Holder.linkToTargetMethod(java.lang.Object, java.lang.Object, int, java.lang.Object)'> (0x00000000a8d601f8) 
thrown [s\open\src\hotspot\share\interpreter\linkResolver.cpp, line 759]
Event: 8.619 Thread 0x00000261092dcde0 Exception <a 'java/lang/NoSuchMethodError'{0x00000000a8d88c08}: 'void java.lang.invoke.DirectMethodHandle$Holder.invokeSpecial(java.lang.Object, java.lang.Object, java.lang.Object)'> (0x00000000a8d88c08) 
thrown [s\open\src\hotspot\share\interpreter\linkResolver.cpp, line 759]
Event: 8.648 Thread 0x00000261092dcde0 Exception <a 'java/lang/NoSuchMethodError'{0x00000000a8c12860}: 'void java.lang.invoke.DirectMethodHandle$Holder.invokeSpecial(java.lang.Object, java.lang.Object, java.lang.Object, java.lang.Object, java.lang.Object)'> (0x00000000a8c12860) 
thrown [s\open\src\hotspot\share\interpreter\linkResolver.cpp, line 759]

VM Operations (20 events):
Event: 7.534 Executing VM operation: HandshakeAllThreads
Event: 7.534 Executing VM operation: HandshakeAllThreads done
Event: 7.534 Executing VM operation: Cleanup
Event: 7.535 Executing VM operation: Cleanup done
Event: 7.572 Executing VM operation: HandshakeAllThreads
Event: 7.572 Executing VM operation: HandshakeAllThreads done
Event: 7.600 Executing VM operation: HandshakeAllThreads
Event: 7.600 Executing VM operation: HandshakeAllThreads done
Event: 7.742 Executing VM operation: HandshakeAllThreads
Event: 7.742 Executing VM operation: HandshakeAllThreads done
Event: 7.904 Executing VM operation: HandshakeAllThreads
Event: 7.904 Executing VM operation: HandshakeAllThreads done
Event: 8.364 Executing VM operation: HandshakeAllThreads
Event: 8.365 Executing VM operation: HandshakeAllThreads done
Event: 8.366 Executing VM operation: HandshakeAllThreads
Event: 8.366 Executing VM operation: HandshakeAllThreads done
Event: 8.369 Executing VM operation: HandshakeAllThreads
Event: 8.369 Executing VM operation: HandshakeAllThreads done
Event: 8.377 Executing VM operation: G1CollectForAllocation
Event: 8.389 Executing VM operation: G1CollectForAllocation done

Events (20 events):
Event: 8.669 loading class java/nio/channels/SelectionKey
Event: 8.669 loading class java/nio/channels/SelectionKey done
Event: 8.669 loading class java/nio/channels/spi/AbstractSelectionKey done
Event: 8.669 loading class sun/nio/ch/SelectionKeyImpl done
Event: 8.670 loading class java/lang/invoke/ConstantBootstraps
Event: 8.670 loading class java/lang/invoke/ConstantBootstraps done
Event: 8.672 loading class java/util/concurrent/CompletableFuture$UniRelay
Event: 8.672 loading class java/util/concurrent/CompletableFuture$UniRelay done
Event: 8.679 Thread 0x00000261092d9b40 Thread added: 0x00000261092d9b40
Event: 8.680 Thread 0x00000261092daa70 Thread added: 0x00000261092daa70
Event: 8.687 loading class sun/nio/ch/IOVecWrapper
Event: 8.688 loading class sun/nio/ch/IOVecWrapper done
Event: 8.688 loading class sun/nio/ch/AllocatedNativeObject
Event: 8.688 loading class sun/nio/ch/NativeObject
Event: 8.688 loading class sun/nio/ch/NativeObject done
Event: 8.688 loading class sun/nio/ch/AllocatedNativeObject done
Event: 8.688 loading class sun/nio/ch/IOVecWrapper$Deallocator
Event: 8.688 loading class sun/nio/ch/IOVecWrapper$Deallocator done
Event: 8.703 loading class java/util/concurrent/CompletableFuture$UniApply
Event: 8.703 loading class java/util/concurrent/CompletableFuture$UniApply done


Dynamic libraries:
0x00007ff6edc60000 - 0x00007ff6edc70000 	C:\Program Files\Java\jdk-17\bin\javaw.exe
0x00007fffbb4d0000 - 0x00007fffbb6c8000 	C:\Windows\SYSTEM32\ntdll.dll
0x00007fffb9740000 - 0x00007fffb9802000 	C:\Windows\System32\KERNEL32.DLL
0x00007fffb9170000 - 0x00007fffb946e000 	C:\Windows\System32\KERNELBASE.dll
0x00007fffb8fd0000 - 0x00007fffb90d0000 	C:\Windows\System32\ucrtbase.dll
0x00007fffb26f0000 - 0x00007fffb2709000 	C:\Program Files\Java\jdk-17\bin\jli.dll
0x00007fffbacc0000 - 0x00007fffbad70000 	C:\Windows\System32\ADVAPI32.dll
0x00007fffba3a0000 - 0x00007fffba43e000 	C:\Windows\System32\msvcrt.dll
0x00007fffb9500000 - 0x00007fffb95a0000 	C:\Windows\System32\sechost.dll
0x00007fffb9f80000 - 0x00007fffba0a3000 	C:\Windows\System32\RPCRT4.dll
0x00007fffb8d90000 - 0x00007fffb8db7000 	C:\Windows\System32\bcrypt.dll
0x00007fffb95a0000 - 0x00007fffb973d000 	C:\Windows\System32\USER32.dll
0x00007fffb8e10000 - 0x00007fffb8e32000 	C:\Windows\System32\win32u.dll
0x00007fffba8b0000 - 0x00007fffba8db000 	C:\Windows\System32\GDI32.dll
0x00007fffb8eb0000 - 0x00007fffb8fc7000 	C:\Windows\System32\gdi32full.dll
0x00007fffb90d0000 - 0x00007fffb916d000 	C:\Windows\System32\msvcp_win.dll
0x00007fffb26d0000 - 0x00007fffb26eb000 	C:\Program Files\Java\jdk-17\bin\VCRUNTIME140.dll
0x00007fffa5c50000 - 0x00007fffa5eea000 	C:\Windows\WinSxS\amd64_microsoft.windows.common-controls_6595b64144ccf1df_6.0.19041.4355_none_60b8b9eb71f62e16\COMCTL32.dll
0x00007fffa8030000 - 0x00007fffa803a000 	C:\Windows\SYSTEM32\VERSION.dll
0x00007fffbae40000 - 0x00007fffbae6f000 	C:\Windows\System32\IMM32.DLL
0x00007fffb5240000 - 0x00007fffb524c000 	C:\Program Files\Java\jdk-17\bin\vcruntime140_1.dll
0x00007fffab700000 - 0x00007fffab78e000 	C:\Program Files\Java\jdk-17\bin\msvcp140.dll
0x00007fff65910000 - 0x00007fff664f0000 	C:\Program Files\Java\jdk-17\bin\server\jvm.dll
0x00007fffba110000 - 0x00007fffba118000 	C:\Windows\System32\PSAPI.DLL
0x00007fffb3e10000 - 0x00007fffb3e19000 	C:\Windows\SYSTEM32\WSOCK32.dll
0x00007fffbb3c0000 - 0x00007fffbb42b000 	C:\Windows\System32\WS2_32.dll
0x00007fff9f2b0000 - 0x00007fff9f2d7000 	C:\Windows\SYSTEM32\WINMM.dll
0x00007fffb6a00000 - 0x00007fffb6a12000 	C:\Windows\SYSTEM32\kernel.appcore.dll
0x00007fffb2a80000 - 0x00007fffb2a8a000 	C:\Program Files\Java\jdk-17\bin\jimage.dll
0x00007fffb09e0000 - 0x00007fffb0bc4000 	C:\Windows\SYSTEM32\DBGHELP.DLL
0x00007fffb0820000 - 0x00007fffb0854000 	C:\Windows\SYSTEM32\dbgcore.DLL
0x00007fffb9470000 - 0x00007fffb94f2000 	C:\Windows\System32\bcryptPrimitives.dll
0x00007fffb2650000 - 0x00007fffb2675000 	C:\Program Files\Java\jdk-17\bin\java.dll
0x00007fff9a940000 - 0x00007fff9aa17000 	C:\Program Files\Java\jdk-17\bin\jsvml.dll
0x00007fffb9810000 - 0x00007fffb9f7f000 	C:\Windows\System32\SHELL32.dll
0x00007fffb6c00000 - 0x00007fffb73a4000 	C:\Windows\SYSTEM32\windows.storage.dll
0x00007fffba8e0000 - 0x00007fffbac33000 	C:\Windows\System32\combase.dll
0x00007fffb85b0000 - 0x00007fffb85de000 	C:\Windows\SYSTEM32\Wldp.dll
0x00007fffba1d0000 - 0x00007fffba29d000 	C:\Windows\System32\OLEAUT32.dll
0x00007fffba120000 - 0x00007fffba1cd000 	C:\Windows\System32\SHCORE.dll
0x00007fffbb430000 - 0x00007fffbb485000 	C:\Windows\System32\shlwapi.dll
0x00007fffb8ab0000 - 0x00007fffb8ad4000 	C:\Windows\SYSTEM32\profapi.dll
0x00007fffb26b0000 - 0x00007fffb26c9000 	C:\Program Files\Java\jdk-17\bin\net.dll
0x00007fffaf4a0000 - 0x00007fffaf5ad000 	C:\Windows\SYSTEM32\WINHTTP.dll
0x00007fffb8310000 - 0x00007fffb837a000 	C:\Windows\system32\mswsock.dll
0x00007fffb2630000 - 0x00007fffb2646000 	C:\Program Files\Java\jdk-17\bin\nio.dll
0x00007fffb24d0000 - 0x00007fffb24e8000 	C:\Program Files\Java\jdk-17\bin\zip.dll
0x00007fffb7ff0000 - 0x00007fffb80ba000 	C:\Windows\SYSTEM32\DNSAPI.dll
0x00007fffb7fa0000 - 0x00007fffb7fdb000 	C:\Windows\SYSTEM32\IPHLPAPI.DLL
0x00007fffbad80000 - 0x00007fffbad88000 	C:\Windows\System32\NSI.dll
0x00007fffaf270000 - 0x00007fffaf27a000 	C:\Windows\System32\rasadhlp.dll
0x00007fffaefa0000 - 0x00007fffaf020000 	C:\Windows\System32\fwpuclnt.dll
0x00007fffb8510000 - 0x00007fffb8528000 	C:\Windows\SYSTEM32\CRYPTSP.dll
0x00007fffb7bc0000 - 0x00007fffb7bf4000 	C:\Windows\system32\rsaenh.dll
0x00007fffb8a30000 - 0x00007fffb8a5e000 	C:\Windows\SYSTEM32\USERENV.dll
0x00007fffb8500000 - 0x00007fffb850c000 	C:\Windows\SYSTEM32\CRYPTBASE.dll
0x00007fffb0800000 - 0x00007fffb0817000 	C:\Windows\SYSTEM32\dhcpcsvc6.DLL
0x00007fffb07e0000 - 0x00007fffb07fd000 	C:\Windows\SYSTEM32\dhcpcsvc.DLL
0x00007fffb2620000 - 0x00007fffb262e000 	C:\Program Files\Java\jdk-17\bin\sunmscapi.dll
0x00007fffb8c30000 - 0x00007fffb8d8c000 	C:\Windows\System32\CRYPT32.dll
0x00007fffb8620000 - 0x00007fffb8649000 	C:\Windows\SYSTEM32\ncrypt.dll
0x00007fffb85e0000 - 0x00007fffb861b000 	C:\Windows\SYSTEM32\NTASN1.dll
0x00007fffb2440000 - 0x00007fffb2447000 	C:\Windows\system32\wshunix.dll

dbghelp: loaded successfully - version: 4.0.5 - missing functions: none
symbol engine: initialized successfully - sym options: 0x614 - pdb path: .;C:\Program Files\Java\jdk-17\bin;C:\Windows\SYSTEM32;C:\Windows\WinSxS\amd64_microsoft.windows.common-controls_6595b64144ccf1df_6.0.19041.4355_none_60b8b9eb71f62e16;C:\Program Files\Java\jdk-17\bin\server

VM Arguments:
jvm_args: -ea -Dfile.encoding=UTF-8 -Dstdout.encoding=UTF-8 -Dstderr.encoding=UTF-8 -XX:+ShowCodeDetailsInExceptionMessages 
java_command: org.testng.remote.RemoteTestNG -serport 62424 -protocol json -d C:\Users\HP\git\repository\AdvanceSeleniumFramework\test-output C:\Users\HP\AppData\Local\Temp\testng-eclipse-294157708\testng-customsuite.xml
java_class_path (initial): C:\Users\HP\eclipse\java-2024-03\eclipse\configuration\org.eclipse.osgi\524\0\.cp\lib\testng-remote.jar;C:\Users\HP\git\repository\AdvanceSeleniumFramework\target\test-classes;C:\Users\HP\git\repository\AdvanceSeleniumFramework\target\classes;C:\Users\HP\.p2\pool\plugins\org.testng_7.4.0.r202105021533.jar;C:\Users\HP\.p2\pool\plugins\com.beust.jcommander_1.78.0.jar;C:\Users\HP\.p2\pool\plugins\org.apache-extras.beanshell.bsh_2.0.0.b6.jar;C:\Users\HP\.p2\pool\plugins\org.yaml.snakeyaml_1.21.0.jar;C:\Users\HP\.p2\pool\plugins\org.webjars.jquery_3.5.1.jar;C:\Users\HP\.m2\repository\org\seleniumhq\selenium\selenium-java\4.23.1\selenium-java-4.23.1.jar;C:\Users\HP\.m2\repository\org\seleniumhq\selenium\selenium-api\4.23.1\selenium-api-4.23.1.jar;C:\Users\HP\.m2\repository\org\seleniumhq\selenium\selenium-chrome-driver\4.23.1\selenium-chrome-driver-4.23.1.jar;C:\Users\HP\.m2\repository\com\google\auto\service\auto-service-annotations\1.1.1\auto-service-annotations-1.1.1.jar;C:\Users\HP\.m2\repository\org\seleniumhq\selenium\selenium-chromium-driver\4.23.1\selenium-chromium-driver-4.23.1.jar;C:\Users\HP\.m2\repository\org\seleniumhq\selenium\selenium-json\4.23.1\selenium-json-4.23.1.jar;C:\Users\HP\.m2\repository\org\seleniumhq\selenium\selenium-manager\4.23.1\selenium-manager-4.23.1.jar;C:\Users\HP\.m2\repository\org\seleniumhq\selenium\selenium-devtools-v125\4.23.1\selenium-devtools-v125-4.23.1.jar;C:\Users\HP\.m2\repository\org\seleniumhq\selenium\selenium-devtools-v126\4.23.1\selenium-devtools-v126-4.23.1.jar;C:\Users\HP\.m2\repository\org\seleniumhq\selenium\selenium-devtools-v127\4.23.1\selenium-devtools-v127-4.23.1.jar;C:\Users\HP\.m2\repository\org\seleniumhq\selenium\selenium-devtools-v85\4.23.1\selenium-devtools-v85-4.23.1.jar;C:\Users\HP\.m2\repository\org\seleniumhq\selenium\selenium-edge-driver\4.23.1\selenium-edge-driver-4.23.1.jar;C:\Users\HP\.m2\repository\org\seleniumhq\selenium\selenium-firefox-driver\4.23.1\selenium-firefox-d
Launcher Type: SUN_STANDARD

[Global flags]
     intx CICompilerCount                          = 3                                         {product} {ergonomic}
     uint ConcGCThreads                            = 1                                         {product} {ergonomic}
     uint G1ConcRefinementThreads                  = 4                                         {product} {ergonomic}
   size_t G1HeapRegionSize                         = 1048576                                   {product} {ergonomic}
    uintx GCDrainStackTargetSize                   = 64                                        {product} {ergonomic}
   size_t InitialHeapSize                          = 98566144                                  {product} {ergonomic}
   size_t MarkStackSize                            = 4194304                                   {product} {ergonomic}
   size_t MaxHeapSize                              = 1558183936                                {product} {ergonomic}
   size_t MaxNewSize                               = 934281216                                 {product} {ergonomic}
   size_t MinHeapDeltaBytes                        = 1048576                                   {product} {ergonomic}
   size_t MinHeapSize                              = 8388608                                   {product} {ergonomic}
    uintx NonNMethodCodeHeapSize                   = 5832780                                {pd product} {ergonomic}
    uintx NonProfiledCodeHeapSize                  = 122912730                              {pd product} {ergonomic}
    uintx ProfiledCodeHeapSize                     = 122912730                              {pd product} {ergonomic}
    uintx ReservedCodeCacheSize                    = 251658240                              {pd product} {ergonomic}
     bool SegmentedCodeCache                       = true                                      {product} {ergonomic}
     bool ShowCodeDetailsInExceptionMessages       = true                                   {manageable} {command line}
   size_t SoftMaxHeapSize                          = 1558183936                             {manageable} {ergonomic}
     bool UseCompressedClassPointers               = true                           {product lp64_product} {ergonomic}
     bool UseCompressedOops                        = true                           {product lp64_product} {ergonomic}
     bool UseG1GC                                  = true                                      {product} {ergonomic}
     bool UseLargePagesIndividualAllocation        = false                                  {pd product} {ergonomic}

Logging:
Log output configuration:
 #0: stdout all=warning uptime,level,tags
 #1: stderr all=off uptime,level,tags

Environment Variables:
JAVA_HOME=C:\Program Files\Java\jdk-17
PATH=C:\harshika\bin;C:\Program Files (x86)\VMware\VMware Workstation\bin\;C:\Program Files\Common Files\Oracle\Java\javapath;C:\Windows\system32;C:\Windows;C:\Windows\System32\Wbem;C:\Windows\System32\WindowsPowerShell\v1.0\;C:\Windows\System32\OpenSSH\;C:\Program Files\MySQL\MySQL Server 5.5\bin;C:\Users\HP\Downloads\apache-maven-3.9.9\bin;C:\Program Files\Java\jdk-17\bin;C:\Users\HP\AppData\Local\Microsoft\WindowsApps;C:\Users\HP\AppData\Local\Programs\Microsoft VS Code\bin
USERNAME=HP
OS=Windows_NT
PROCESSOR_IDENTIFIER=Intel64 Family 6 Model 37 Stepping 2, GenuineIntel



---------------  S Y S T E M  ---------------

OS:
 Windows 10 , 64 bit Build 19041 (10.0.19041.4957)
OS uptime: 11 days 9:36 hours

CPU: total 4 (initial active 4) (2 cores per cpu, 2 threads per core) family 6 model 37 stepping 2 microcode 0x11, cx8, cmov, fxsr, ht, mmx, sse, sse2, sse3, ssse3, sse4.1, sse4.2, popcnt, tsc, tscinvbit, clflush

Memory: 4k page, system-wide physical 5942M (450M free)
TotalPageFile size 24374M (AvailPageFile size 2M)
current process WorkingSet (physical memory assigned to process): 122M, peak: 122M
current process commit charge ("private bytes"): 215M, peak: 217M

vm_info: Java HotSpot(TM) 64-Bit Server VM (17.0.11+7-LTS-207) for windows-amd64 JRE (17.0.11+7-LTS-207), built on Mar 11 2024 19:01:50 by "mach5one" with MS VC++ 17.6 (VS2022)

END.
